e:\nextui\next\next\debug\vc120.pdb
e:\nextui\next\next\debug\vc120.idb
e:\nextui\next\next\debug\main.obj
e:\nextui\next\next\debug\app.obj
e:\nextui\next\next\debug\next.pch
e:\nextui\next\next\debug\next.obj
e:\nextui\next\next\debug\window.obj
e:\nextui\next\next\debug\engine.obj
e:\nextui\next\next\debug\scenemanager.obj
e:\nextui\next\next\debug\renderer.obj
e:\nextui\next\next\debug\renderwindow.obj
e:\nextui\next\next\debug\util.obj
e:\nextui\next\next\debug\camera.obj
e:\nextui\next\next\debug\viewport.obj
e:\nextui\next\next\debug\framebuffer.obj
e:\nextui\next\debug\next.ilk
e:\nextui\next\debug\next.exe
e:\nextui\next\debug\next.pdb
e:\nextui\next\next\debug\next.tlog\cl.command.1.tlog
e:\nextui\next\next\debug\next.tlog\cl.read.1.tlog
e:\nextui\next\next\debug\next.tlog\cl.write.1.tlog
e:\nextui\next\next\debug\next.tlog\link.command.1.tlog
e:\nextui\next\next\debug\next.tlog\link.read.1.tlog
e:\nextui\next\next\debug\next.tlog\link.write.1.tlog
